<?xml version="1.0" encoding="UTF-8"?>
<!-- Generated by org.testng.reporters.JUnitReportReporter -->
<testsuite hostname="LAPTOP-7J4ARULE" failures="0" tests="1" name="selenium.task_1" time="20.981" errors="0" timestamp="2024-03-21T19:22:41 IST" skipped="0">
  <testcase classname="selenium.task_1" name="openBrowser" time="20.981"/>
</testsuite> <!-- selenium.task_1 -->
